<?xml version="1.0" encoding="UTF-8"?>
<!-- Generated by org.testng.reporters.JUnitReportReporter -->
<testsuite hostname="DESKTOP-JORRGE8" failures="0" tests="1" name="com.new1.TESTONLY" time="89.352" errors="0" timestamp="2025-07-06T22:29:44 IST" skipped="0">
  <testcase classname="com.new1.TESTONLY" name="methodFirst" time="89.352"/>
</testsuite> <!-- com.new1.TESTONLY -->
