<?xml version="1.0" encoding="UTF-8"?>
<!-- Generated by org.testng.reporters.JUnitReportReporter -->
<testsuite hostname="DESKTOP-JORRGE8" failures="0" tests="1" name="com.new1.Second" time="236.739" errors="0" timestamp="2025-07-05T19:45:21 IST" skipped="0">
  <testcase classname="com.new1.Second" name="test2" time="236.739"/>
</testsuite> <!-- com.new1.Second -->
